<?xml version="1.0" encoding="UTF-8"?>
<!-- Generated by org.testng.reporters.JUnitXMLReporter -->
<testsuite ignored="0" hostname="DESKTOP-5UBD8UJ" failures="0" tests="5" name="Test" time="27.486" errors="0" timestamp="2024-11-13T13:58:28 IST">
  <testcase classname="org.testScripts.MaheshBabu_Test" name="launchMahesh" time="6.295"/>
  <testcase classname="org.testScripts.Siddharth_Test" name="launchSiddharth" time="2.753"/>
  <testcase classname="org.testScripts.Shahid_Test" name="launchShahid" time="5.465"/>
  <testcase classname="org.testScripts.Yash_Test" name="launchYash" time="8.313"/>
  <testcase classname="org.testScripts.AlluArjun_Test" name="arjun" time="4.599"/>
</testsuite> <!-- Test -->
